Total Epoch:100 Training num:3200  Validation num:600
Total Epoch:100 Training num:3200  Validation num:600
[train] epoch:0 iter:799/800 lr:0.001748 loss:1.151202
[val] epoch:0 iter:149/150 loss:1.155421
[save] Best Model saved at epoch:0
[train] epoch:1 iter:799/800 lr:0.001743 loss:1.151202
[val] epoch:1 iter:149/150 loss:1.155421
Total Epoch:100 Training num:3200  Validation num:600
[train] epoch:0 iter:799/800 lr:0.0017 loss:1.1512
[val] epoch:0 iter:149/150 loss:1.1554
[save] Best Model saved at epoch:0
[train] epoch:1 iter:799/800 lr:0.0017 loss:1.1512
[val] epoch:1 iter:149/150 loss:1.1554
Total Epoch:100 Training num:3200  Validation num:600
Total Epoch:100 Training num:3200  Validation num:600
Total Epoch:100 Training num:3200  Validation num:600
Total Epoch:100 Training num:3200  Validation num:600
Total Epoch:100 Training num:3200  Validation num:600
Total Epoch:100 Training num:3200  Validation num:600
Total Epoch:100 Training num:3200  Validation num:600
Total Epoch:100 Training num:3200  Validation num:600
Total Epoch:100 Training num:3200  Validation num:600
Total Epoch:100 Training num:3200  Validation num:600
Total Epoch:100 Training num:3200  Validation num:600
Total Epoch:100 Training num:3200  Validation num:600
Total Epoch:100 Training num:3200  Validation num:600
Total Epoch:100 Training num:3200  Validation num:600
Total Epoch:100 Training num:3200  Validation num:600
Total Epoch:100 Training num:3200  Validation num:600
Total Epoch:100 Training num:3200  Validation num:600
Total Epoch:100 Training num:3200  Validation num:600
Total Epoch:100 Training num:3200  Validation num:600
Total Epoch:100 Training num:3200  Validation num:600
Total Epoch:100 Training num:3200  Validation num:600
Total Epoch:100 Training num:3200  Validation num:600
Total Epoch:100 Training num:3200  Validation num:600
Total Epoch:100 Training num:3200  Validation num:600
Total Epoch:100 Training num:3200  Validation num:600
Total Epoch:100 Training num:3200  Validation num:600
Total Epoch:100 Training num:3200  Validation num:600
Total Epoch:100 Training num:3200  Validation num:600
Total Epoch:100 Training num:3200  Validation num:600
Total Epoch:100 Training num:3200  Validation num:600
[train] epoch:0 iter:799/800 lr:0.0017 loss:-12.8942
Total Epoch:100 Training num:3200  Validation num:600
[train] epoch:0 iter:799/800 lr:0.0017 loss:-12.8941
Total Epoch:100 Training num:3200  Validation num:600
Total Epoch:100 Training num:3200  Validation num:600
Total Epoch:100 Training num:3200  Validation num:600
Total Epoch:100 Training num:3200  Validation num:600
Total Epoch:100 Training num:3200  Validation num:600
Total Epoch:100 Training num:3200  Validation num:600
[train] epoch:0 iter:800/800 lr:0.0017 loss:-12.8954
Total Epoch:100 Training num:3200  Validation num:600
Total Epoch:100 Training num:3200  Validation num:600
Total Epoch:100 Training num:3200  Validation num:600
Total Epoch:100 Training num:3200  Validation num:600
[train] epoch:0 iter:800/800 lr:0.0017 loss:0.8256
Total Epoch:100 Training num:3200  Validation num:600
[train] epoch:0 iter:800/800 lr:0.0017 loss:0.8257
Total Epoch:100 Training num:3200  Validation num:600
Total Epoch:100 Training num:3200  Validation num:600
[train] epoch:0 iter:800/800 lr:0.0017 loss:0.8255
Total Epoch:100 Training num:3200  Validation num:600
[train] epoch:0 iter:800/800 lr:0.0017 loss:0.8255
[val] epoch:0 iter:151/150 loss:0.8262
[save] Best Model saved at epoch:0
[train] epoch:1 iter:800/800 lr:0.0017 loss:0.8246
[val] epoch:1 iter:151/150 loss:0.8259
[save] Best Model saved at epoch:1
[train] epoch:2 iter:800/800 lr:0.0017 loss:0.8243
[val] epoch:2 iter:151/150 loss:0.8256
[save] Best Model saved at epoch:2
Total Epoch:100 Training num:3200  Validation num:600
[train] epoch:0 iter:800/800 lr:0.0017 loss:0.8257
[val] epoch:0 iter:151/150 loss:0.8263
[save] Best Model saved at epoch:0
[train] epoch:1 iter:800/800 lr:0.0017 loss:0.8247
[val] epoch:1 iter:151/150 loss:0.8259
[save] Best Model saved at epoch:1
